Copyright 1986-2022 Xilinx, Inc. All Rights Reserved. Copyright 2022-2025 Advanced Micro Devices, Inc. All Rights Reserved.
---------------------------------------------------------------------------------------------------------------------------------------------
| Tool Version : Vivado v.2025.1 (lin64) Build 6140274 Wed May 21 22:58:25 MDT 2025
| Date         : Mon Jun 15 15:51:46 2026
| Host         : darchb running 64-bit Arch Linux
| Command      : report_control_sets -verbose -file neuron_array_controller_control_sets_placed.rpt
| Design       : neuron_array_controller
| Device       : xc7z020
---------------------------------------------------------------------------------------------------------------------------------------------

Control Set Information

Table of Contents
-----------------
1. Summary
2. Histogram
3. Flip-Flop Distribution
4. Detailed Control Set Information

1. Summary
----------

+----------------------------------------------------------+-------+
|                          Status                          | Count |
+----------------------------------------------------------+-------+
| Total control sets                                       |    15 |
|    Minimum number of control sets                        |    15 |
|    Addition due to synthesis replication                 |     0 |
|    Addition due to physical synthesis replication        |     0 |
| Unused register locations in slices containing registers |    52 |
+----------------------------------------------------------+-------+
* Control sets can be merged at opt_design using control_set_merge or merge_equivalent_drivers
** Run report_qor_suggestions for automated merging and remapping suggestions


2. Histogram
------------

+--------------------+-------+
|       Fanout       | Count |
+--------------------+-------+
| Total control sets |    15 |
| >= 0 to < 4        |     1 |
| >= 4 to < 6        |     0 |
| >= 6 to < 8        |     0 |
| >= 8 to < 10       |     0 |
| >= 10 to < 12      |     1 |
| >= 12 to < 14      |     0 |
| >= 14 to < 16      |     4 |
| >= 16              |     9 |
+--------------------+-------+
* Control sets can be remapped at either synth_design or opt_design


3. Flip-Flop Distribution
-------------------------

+--------------+-----------------------+------------------------+-----------------+--------------+
| Clock Enable | Synchronous Set/Reset | Asynchronous Set/Reset | Total Registers | Total Slices |
+--------------+-----------------------+------------------------+-----------------+--------------+
| No           | No                    | No                     |              29 |           13 |
| No           | No                    | Yes                    |              11 |           10 |
| No           | Yes                   | No                     |               0 |            0 |
| Yes          | No                    | No                     |               0 |            0 |
| Yes          | No                    | Yes                    |             684 |          258 |
| Yes          | Yes                   | No                     |               0 |            0 |
+--------------+-----------------------+------------------------+-----------------+--------------+


4. Detailed Control Set Information
-----------------------------------

+----------------+--------------------------------------+-------------------+------------------+----------------+--------------+
|  Clock Signal  |             Enable Signal            |  Set/Reset Signal | Slice Load Count | Bel Load Count | Bels / Slice |
+----------------+--------------------------------------+-------------------+------------------+----------------+--------------+
|  clk_IBUF_BUFG | fifo_inst/spike_valid1_out           | engine_inst/rst_n |                1 |              1 |         1.00 |
|  clk_IBUF_BUFG |                                      | engine_inst/rst_n |               10 |             11 |         1.10 |
|  clk_IBUF_BUFG | fifo_inst/wr_ptr[0]_i_1_n_0          | engine_inst/rst_n |                4 |             14 |         3.50 |
|  clk_IBUF_BUFG | FSM_sequential_state_reg_n_0         | engine_inst/rst_n |                5 |             14 |         2.80 |
|  clk_IBUF_BUFG | engine_inst/FSM_sequential_state_reg | engine_inst/rst_n |                4 |             14 |         3.50 |
|  clk_IBUF_BUFG | engine_inst/internal_count           | engine_inst/rst_n |                4 |             15 |         3.75 |
|  clk_IBUF_BUFG | rd_addr[13]_i_1_n_0                  | engine_inst/rst_n |                7 |             28 |         4.00 |
|  clk_IBUF_BUFG | fifo_inst/mem_reg_0_i_2_n_0          | engine_inst/rst_n |                9 |             28 |         3.11 |
|  clk_IBUF_BUFG |                                      |                   |               15 |             43 |         2.87 |
|  clk_IBUF_BUFG | start_pipe_reg_n_0_[0]               | engine_inst/rst_n |               31 |             56 |         1.81 |
|  clk_IBUF_BUFG | engine_inst/s5_valid                 | engine_inst/rst_n |               42 |             72 |         1.71 |
|  clk_IBUF_BUFG | engine_inst/s4_valid                 | engine_inst/rst_n |               30 |             73 |         2.43 |
|  clk_IBUF_BUFG | engine_inst/s3_valid                 | engine_inst/rst_n |               28 |             97 |         3.46 |
|  clk_IBUF_BUFG | engine_inst/E[0]                     | engine_inst/rst_n |               47 |            116 |         2.47 |
|  clk_IBUF_BUFG | engine_inst/s2_valid                 | engine_inst/rst_n |               46 |            156 |         3.39 |
+----------------+--------------------------------------+-------------------+------------------+----------------+--------------+


