
*** Running vivado
    with args -log neuron_array_controller.vdi -applog -m64 -product Vivado -messageDb vivado.pb -mode batch -source neuron_array_controller.tcl -notrace


****** Vivado v2025.1 (64-bit)
  **** SW Build 6140274 on Wed May 21 22:58:25 MDT 2025
  **** IP Build 6138677 on Thu May 22 03:10:11 MDT 2025
  **** SharedData Build 6139179 on Tue May 20 17:58:58 MDT 2025
  **** Start of session at: Mon Jun 15 15:51:15 2026
    ** Copyright 1986-2022 Xilinx, Inc. All Rights Reserved.
    ** Copyright 2022-2025 Advanced Micro Devices, Inc. All Rights Reserved.

Sourcing tcl script '/home/darchb/.Xilinx/Vivado/Vivado_init.tcl'
source neuron_array_controller.tcl -notrace
Command: link_design -top neuron_array_controller -part xc7z020clg400-1
Design is defaulting to srcset: sources_1
Design is defaulting to constrset: constrs_1
INFO: [Device 21-403] Loading part xc7z020clg400-1
Netlist sorting complete. Time (s): cpu = 00:00:00.01 ; elapsed = 00:00:00 . Memory (MB): peak = 1716.199 ; gain = 0.000 ; free physical = 5655 ; free virtual = 43210
INFO: [Netlist 29-17] Analyzing 296 Unisim elements for replacement
INFO: [Netlist 29-28] Unisim Transformation completed in 0 CPU seconds
WARNING: [Netlist 29-101] Netlist 'neuron_array_controller' is not ideal for floorplanning, since the cellview 'izh_neuron_engine' contains a large number of primitives.  Please consider enabling hierarchy in synthesis if you want to do floorplanning.
INFO: [Project 1-479] Netlist was created with Vivado 2025.1
INFO: [Project 1-570] Preparing netlist for logic optimization
Parsing XDC File [/home/darchb/Projects/science-eye-fpga/vivado/constraints.xdc]
Finished Parsing XDC File [/home/darchb/Projects/science-eye-fpga/vivado/constraints.xdc]
INFO: [Opt 31-138] Pushed 0 inverter(s) to 0 load pin(s).
Netlist sorting complete. Time (s): cpu = 00:00:00.01 ; elapsed = 00:00:00 . Memory (MB): peak = 1840.773 ; gain = 0.000 ; free physical = 5556 ; free virtual = 43110
INFO: [Project 1-111] Unisim Transformation Summary:
No Unisim elements were transformed.

7 Infos, 1 Warnings, 0 Critical Warnings and 0 Errors encountered.
link_design completed successfully
Command: opt_design
Attempting to get a license for feature 'Implementation' and/or device 'xc7z020'
INFO: [Common 17-349] Got license for feature 'Implementation' and/or device 'xc7z020'
Running DRC as a precondition to command opt_design

Starting DRC Task
INFO: [DRC 23-27] Running DRC with 8 threads
INFO: [Project 1-461] DRC finished with 0 Errors
INFO: [Project 1-462] Please refer to the DRC report (report_drc) for more information.

Time (s): cpu = 00:00:01 ; elapsed = 00:00:00.43 . Memory (MB): peak = 2025.570 ; gain = 184.762 ; free physical = 5445 ; free virtual = 43000

Starting Cache Timing Information Task
INFO: [Timing 38-35] Done setting XDC timing constraints.
Ending Cache Timing Information Task | Checksum: 171dc013f

Time (s): cpu = 00:00:05 ; elapsed = 00:00:05 . Memory (MB): peak = 2402.492 ; gain = 376.922 ; free physical = 5078 ; free virtual = 42633

Starting Logic Optimization Task

Phase 1 Initialization

Phase 1.1 Core Generation And Design Setup
Phase 1.1 Core Generation And Design Setup | Checksum: 171dc013f

Time (s): cpu = 00:00:00 ; elapsed = 00:00:00 . Memory (MB): peak = 2768.328 ; gain = 0.000 ; free physical = 4730 ; free virtual = 42285

Phase 1.2 Setup Constraints And Sort Netlist
Phase 1.2 Setup Constraints And Sort Netlist | Checksum: 171dc013f

Time (s): cpu = 00:00:00 ; elapsed = 00:00:00 . Memory (MB): peak = 2768.328 ; gain = 0.000 ; free physical = 4730 ; free virtual = 42285
Phase 1 Initialization | Checksum: 171dc013f

Time (s): cpu = 00:00:00 ; elapsed = 00:00:00 . Memory (MB): peak = 2768.328 ; gain = 0.000 ; free physical = 4730 ; free virtual = 42285

Phase 2 Timer Update And Timing Data Collection

Phase 2.1 Timer Update
Phase 2.1 Timer Update | Checksum: 171dc013f

Time (s): cpu = 00:00:00.35 ; elapsed = 00:00:00.08 . Memory (MB): peak = 2768.328 ; gain = 0.000 ; free physical = 4726 ; free virtual = 42281

Phase 2.2 Timing Data Collection
Phase 2.2 Timing Data Collection | Checksum: 171dc013f

Time (s): cpu = 00:00:00.36 ; elapsed = 00:00:00.09 . Memory (MB): peak = 2768.328 ; gain = 0.000 ; free physical = 4731 ; free virtual = 42286
Phase 2 Timer Update And Timing Data Collection | Checksum: 171dc013f

Time (s): cpu = 00:00:00.36 ; elapsed = 00:00:00.09 . Memory (MB): peak = 2768.328 ; gain = 0.000 ; free physical = 4731 ; free virtual = 42286

Phase 3 Retarget
INFO: [Opt 31-1851] Number of loadless carry chains removed were: 0
INFO: [Opt 31-1834] Total Chains To Be Transformed Were: 0 AND Number of Transformed insts Created are: 0
INFO: [Opt 31-138] Pushed 0 inverter(s) to 0 load pin(s).
INFO: [Opt 31-49] Retargeted 0 cell(s).
Phase 3 Retarget | Checksum: 15065e2f2

Time (s): cpu = 00:00:00.39 ; elapsed = 00:00:00.13 . Memory (MB): peak = 2768.328 ; gain = 0.000 ; free physical = 4734 ; free virtual = 42288
Retarget | Checksum: 15065e2f2
INFO: [Opt 31-389] Phase Retarget created 0 cells and removed 0 cells

Phase 4 Constant propagation
INFO: [Opt 31-138] Pushed 0 inverter(s) to 0 load pin(s).
Phase 4 Constant propagation | Checksum: e1ff2f47

Time (s): cpu = 00:00:00.41 ; elapsed = 00:00:00.14 . Memory (MB): peak = 2768.328 ; gain = 0.000 ; free physical = 4734 ; free virtual = 42288
Constant propagation | Checksum: e1ff2f47
INFO: [Opt 31-389] Phase Constant propagation created 0 cells and removed 0 cells

Phase 5 Sweep
INFO: [Constraints 18-11670] Building netlist checker database with flags, 0x8
Done building netlist checker database: Time (s): cpu = 00:00:00 ; elapsed = 00:00:00 . Memory (MB): peak = 2768.328 ; gain = 0.000 ; free physical = 4734 ; free virtual = 42288
INFO: [Constraints 18-11670] Building netlist checker database with flags, 0x8
Done building netlist checker database: Time (s): cpu = 00:00:00 ; elapsed = 00:00:00 . Memory (MB): peak = 2768.328 ; gain = 0.000 ; free physical = 4734 ; free virtual = 42288
Phase 5 Sweep | Checksum: 11ed325d6

Time (s): cpu = 00:00:00.52 ; elapsed = 00:00:00.25 . Memory (MB): peak = 2768.328 ; gain = 0.000 ; free physical = 4734 ; free virtual = 42288
Sweep | Checksum: 11ed325d6
INFO: [Opt 31-389] Phase Sweep created 50 cells and removed 2 cells

Phase 6 BUFG optimization
Phase 6 BUFG optimization | Checksum: 11ed325d6

Time (s): cpu = 00:00:00.61 ; elapsed = 00:00:00.29 . Memory (MB): peak = 2800.344 ; gain = 32.016 ; free physical = 4733 ; free virtual = 42288
BUFG optimization | Checksum: 11ed325d6
INFO: [Opt 31-662] Phase BUFG optimization created 0 cells of which 0 are BUFGs and removed 0 cells.

Phase 7 Shift Register Optimization
INFO: [Opt 31-1064] SRL Remap converted 0 SRLs to 0 registers and converted 0 registers of register chains to 0 SRLs
Phase 7 Shift Register Optimization | Checksum: 11ed325d6

Time (s): cpu = 00:00:00.61 ; elapsed = 00:00:00.29 . Memory (MB): peak = 2800.344 ; gain = 32.016 ; free physical = 4733 ; free virtual = 42288
Shift Register Optimization | Checksum: 11ed325d6
INFO: [Opt 31-389] Phase Shift Register Optimization created 0 cells and removed 0 cells

Phase 8 Post Processing Netlist
Phase 8 Post Processing Netlist | Checksum: 11ed325d6

Time (s): cpu = 00:00:00.62 ; elapsed = 00:00:00.29 . Memory (MB): peak = 2800.344 ; gain = 32.016 ; free physical = 4733 ; free virtual = 42288
Post Processing Netlist | Checksum: 11ed325d6
INFO: [Opt 31-389] Phase Post Processing Netlist created 0 cells and removed 0 cells

Phase 9 Finalization

Phase 9.1 Finalizing Design Cores and Updating Shapes
Phase 9.1 Finalizing Design Cores and Updating Shapes | Checksum: 145c237fb

Time (s): cpu = 00:00:00.82 ; elapsed = 00:00:00.39 . Memory (MB): peak = 2800.344 ; gain = 32.016 ; free physical = 4726 ; free virtual = 42281

Phase 9.2 Verifying Netlist Connectivity

Starting Connectivity Check Task

Time (s): cpu = 00:00:00 ; elapsed = 00:00:00.01 . Memory (MB): peak = 2800.344 ; gain = 0.000 ; free physical = 4726 ; free virtual = 42281
Phase 9.2 Verifying Netlist Connectivity | Checksum: 145c237fb

Time (s): cpu = 00:00:00.82 ; elapsed = 00:00:00.4 . Memory (MB): peak = 2800.344 ; gain = 32.016 ; free physical = 4726 ; free virtual = 42281
Phase 9 Finalization | Checksum: 145c237fb

Time (s): cpu = 00:00:00.82 ; elapsed = 00:00:00.4 . Memory (MB): peak = 2800.344 ; gain = 32.016 ; free physical = 4726 ; free virtual = 42281
Opt_design Change Summary
=========================


-------------------------------------------------------------------------------------------------------------------------
|  Phase                        |  #Cells created  |  #Cells Removed  |  #Constrained objects preventing optimizations  |
-------------------------------------------------------------------------------------------------------------------------
|  Retarget                     |               0  |               0  |                                              0  |
|  Constant propagation         |               0  |               0  |                                              0  |
|  Sweep                        |              50  |               2  |                                              0  |
|  BUFG optimization            |               0  |               0  |                                              0  |
|  Shift Register Optimization  |               0  |               0  |                                              0  |
|  Post Processing Netlist      |               0  |               0  |                                              0  |
-------------------------------------------------------------------------------------------------------------------------


Ending Logic Optimization Task | Checksum: 145c237fb

Time (s): cpu = 00:00:00.82 ; elapsed = 00:00:00.4 . Memory (MB): peak = 2800.344 ; gain = 32.016 ; free physical = 4726 ; free virtual = 42281

Starting Power Optimization Task
INFO: [Pwropt 34-132] Skipping clock gating for clocks with a period < 2.00 ns.
INFO: [Timing 38-35] Done setting XDC timing constraints.
Running Vector-less Activity Propagation...

Finished Running Vector-less Activity Propagation
INFO: [Pwropt 34-9] Applying IDT optimizations ...
INFO: [Pwropt 34-10] Applying ODC optimizations ...


Starting PowerOpt Patch Enables Task
INFO: [Pwropt 34-162] WRITE_MODE attribute of 0 BRAM(s) out of a total of 25 has been updated to save power. Run report_power_opt to get a complete listing of the BRAMs updated.
INFO: [Pwropt 34-201] Structural ODC has moved 0 WE to EN ports
Number of BRAM Ports augmented: 7 newly gated: 18 Total Ports: 50
Ending PowerOpt Patch Enables Task | Checksum: e995b9cb

Time (s): cpu = 00:00:00.1 ; elapsed = 00:00:00.08 . Memory (MB): peak = 3051.289 ; gain = 0.000 ; free physical = 4584 ; free virtual = 42139
Ending Power Optimization Task | Checksum: e995b9cb

Time (s): cpu = 00:00:02 ; elapsed = 00:00:01 . Memory (MB): peak = 3051.289 ; gain = 250.945 ; free physical = 4584 ; free virtual = 42139

Starting Final Cleanup Task

Starting Logic Optimization Task
INFO: [Timing 38-35] Done setting XDC timing constraints.
Ending Logic Optimization Task | Checksum: 1bf224cf1

Time (s): cpu = 00:00:00.67 ; elapsed = 00:00:00.22 . Memory (MB): peak = 3051.289 ; gain = 0.000 ; free physical = 4584 ; free virtual = 42139
Ending Final Cleanup Task | Checksum: 1bf224cf1

Time (s): cpu = 00:00:03 ; elapsed = 00:00:03 . Memory (MB): peak = 3051.289 ; gain = 0.000 ; free physical = 4584 ; free virtual = 42139

Starting Netlist Obfuscation Task
Netlist sorting complete. Time (s): cpu = 00:00:00.01 ; elapsed = 00:00:00 . Memory (MB): peak = 3051.289 ; gain = 0.000 ; free physical = 4584 ; free virtual = 42139
Ending Netlist Obfuscation Task | Checksum: 1bf224cf1

Time (s): cpu = 00:00:00.01 ; elapsed = 00:00:00 . Memory (MB): peak = 3051.289 ; gain = 0.000 ; free physical = 4584 ; free virtual = 42139
INFO: [Common 17-83] Releasing license: Implementation
34 Infos, 1 Warnings, 0 Critical Warnings and 0 Errors encountered.
opt_design completed successfully
opt_design: Time (s): cpu = 00:00:15 ; elapsed = 00:00:12 . Memory (MB): peak = 3051.289 ; gain = 1210.480 ; free physical = 4584 ; free virtual = 42139
INFO: [Vivado 12-24828] Executing command : report_drc -file neuron_array_controller_drc_opted.rpt -pb neuron_array_controller_drc_opted.pb -rpx neuron_array_controller_drc_opted.rpx
Command: report_drc -file neuron_array_controller_drc_opted.rpt -pb neuron_array_controller_drc_opted.pb -rpx neuron_array_controller_drc_opted.rpx
INFO: [IP_Flow 19-234] Refreshing IP repositories
INFO: [IP_Flow 19-1704] No user IP repositories specified
INFO: [IP_Flow 19-2313] Loaded Vivado IP repository '/tools/Xilinx/2025.1/Vivado/data/ip'.
INFO: [DRC 23-27] Running DRC with 8 threads
INFO: [Vivado_Tcl 2-168] The results of DRC are in file /home/darchb/Projects/science-eye-fpga/vivado/science-eye-fpga/science-eye-fpga.runs/impl_1/neuron_array_controller_drc_opted.rpt.
report_drc completed successfully
INFO: [Timing 38-480] Writing timing data to binary archive.
Write ShapeDB Complete: Time (s): cpu = 00:00:00.04 ; elapsed = 00:00:00.01 . Memory (MB): peak = 3051.289 ; gain = 0.000 ; free physical = 4550 ; free virtual = 42105
INFO: [Common 17-1381] The checkpoint '/home/darchb/Projects/science-eye-fpga/vivado/science-eye-fpga/science-eye-fpga.runs/impl_1/neuron_array_controller_opt.dcp' has been generated.
Command: place_design
Attempting to get a license for feature 'Implementation' and/or device 'xc7z020'
INFO: [Common 17-349] Got license for feature 'Implementation' and/or device 'xc7z020'
INFO: [Common 17-83] Releasing license: Implementation
INFO: [DRC 23-27] Running DRC with 8 threads
INFO: [Vivado_Tcl 4-198] DRC finished with 0 Errors
INFO: [Vivado_Tcl 4-199] Please refer to the DRC report (report_drc) for more information.
Running DRC as a precondition to command place_design
INFO: [DRC 23-27] Running DRC with 8 threads
INFO: [Vivado_Tcl 4-198] DRC finished with 0 Errors, 21 Warnings
INFO: [Vivado_Tcl 4-199] Please refer to the DRC report (report_drc) for more information.
INFO: [Place 30-611] Multithreading enabled for place_design using a maximum of 8 CPUs

Starting Placer Task

Phase 1 Placer Initialization

Phase 1.1 Placer Initialization Netlist Sorting
Netlist sorting complete. Time (s): cpu = 00:00:00 ; elapsed = 00:00:00.01 . Memory (MB): peak = 3051.289 ; gain = 0.000 ; free physical = 4549 ; free virtual = 42104
Phase 1.1 Placer Initialization Netlist Sorting | Checksum: d26b6193

Time (s): cpu = 00:00:00.01 ; elapsed = 00:00:00.01 . Memory (MB): peak = 3051.289 ; gain = 0.000 ; free physical = 4549 ; free virtual = 42104
Netlist sorting complete. Time (s): cpu = 00:00:00 ; elapsed = 00:00:00 . Memory (MB): peak = 3051.289 ; gain = 0.000 ; free physical = 4549 ; free virtual = 42104

Phase 1.2 IO Placement/ Clock Placement/ Build Placer Device
INFO: [Timing 38-35] Done setting XDC timing constraints.
Phase 1.2 IO Placement/ Clock Placement/ Build Placer Device | Checksum: 11b9416fa

Time (s): cpu = 00:00:01 ; elapsed = 00:00:00.4 . Memory (MB): peak = 3051.289 ; gain = 0.000 ; free physical = 4543 ; free virtual = 42098

Phase 1.3 Build Placer Netlist Model
Phase 1.3 Build Placer Netlist Model | Checksum: 1438d88c3

Time (s): cpu = 00:00:02 ; elapsed = 00:00:00.86 . Memory (MB): peak = 3051.289 ; gain = 0.000 ; free physical = 4540 ; free virtual = 42095

Phase 1.4 Constrain Clocks/Macros
Phase 1.4 Constrain Clocks/Macros | Checksum: 1438d88c3

Time (s): cpu = 00:00:02 ; elapsed = 00:00:00.87 . Memory (MB): peak = 3051.289 ; gain = 0.000 ; free physical = 4540 ; free virtual = 42095
Phase 1 Placer Initialization | Checksum: 1438d88c3

Time (s): cpu = 00:00:02 ; elapsed = 00:00:00.88 . Memory (MB): peak = 3051.289 ; gain = 0.000 ; free physical = 4540 ; free virtual = 42095

Phase 2 Global Placement

Phase 2.1 Floorplanning
Phase 2.1 Floorplanning | Checksum: 14f6159bd

Time (s): cpu = 00:00:03 ; elapsed = 00:00:00.97 . Memory (MB): peak = 3051.289 ; gain = 0.000 ; free physical = 4528 ; free virtual = 42084

Phase 2.2 Update Timing before SLR Path Opt
Phase 2.2 Update Timing before SLR Path Opt | Checksum: 12aea5ecd

Time (s): cpu = 00:00:03 ; elapsed = 00:00:01 . Memory (MB): peak = 3051.289 ; gain = 0.000 ; free physical = 4549 ; free virtual = 42105

Phase 2.3 Post-Processing in Floorplanning
Phase 2.3 Post-Processing in Floorplanning | Checksum: 12aea5ecd

Time (s): cpu = 00:00:03 ; elapsed = 00:00:01 . Memory (MB): peak = 3051.289 ; gain = 0.000 ; free physical = 4549 ; free virtual = 42104

Phase 2.4 Global Place Phase1
Phase 2.4 Global Place Phase1 | Checksum: 124f49948

Time (s): cpu = 00:00:07 ; elapsed = 00:00:02 . Memory (MB): peak = 3051.289 ; gain = 0.000 ; free physical = 4519 ; free virtual = 42075

Phase 2.5 Global Place Phase2

Phase 2.5.1 UpdateTiming Before Physical Synthesis
Phase 2.5.1 UpdateTiming Before Physical Synthesis | Checksum: 124f49948

Time (s): cpu = 00:00:07 ; elapsed = 00:00:02 . Memory (MB): peak = 3051.289 ; gain = 0.000 ; free physical = 4519 ; free virtual = 42074

Phase 2.5.2 Physical Synthesis In Placer
INFO: [Physopt 32-1035] Found 0 LUTNM shape to break, 47 LUT instances to create LUTNM shape
INFO: [Physopt 32-1044] Break lutnm for timing: one critical 0, two critical 0, total 0, new lutff created 0
INFO: [Physopt 32-1138] End 1 Pass. Optimized 23 nets or LUTs. Breaked 0 LUT, combined 23 existing LUTs and moved 0 existing LUT
INFO: [Physopt 32-65] No nets found for high-fanout optimization.
INFO: [Physopt 32-232] Optimized 0 net. Created 0 new instance.
INFO: [Physopt 32-775] End 1 Pass. Optimized 0 net or cell. Created 0 new cell, deleted 0 existing cell and moved 0 existing cell
INFO: [Physopt 32-670] No setup violation found.  DSP Register Optimization was not performed.
INFO: [Physopt 32-670] No setup violation found.  Shift Register to Pipeline Optimization was not performed.
INFO: [Physopt 32-670] No setup violation found.  Shift Register Optimization was not performed.
INFO: [Physopt 32-670] No setup violation found.  BRAM Register Optimization was not performed.
INFO: [Physopt 32-670] No setup violation found.  URAM Register Optimization was not performed.
INFO: [Physopt 32-949] No candidate nets found for dynamic/static region interface net replication
INFO: [Physopt 32-775] End 1 Pass. Optimized 0 net or cell. Created 0 new cell, deleted 0 existing cell and moved 0 existing cell
Netlist sorting complete. Time (s): cpu = 00:00:00 ; elapsed = 00:00:00 . Memory (MB): peak = 3051.289 ; gain = 0.000 ; free physical = 4511 ; free virtual = 42066

Summary of Physical Synthesis Optimizations
============================================


-----------------------------------------------------------------------------------------------------------------------------------------------------------
|  Optimization                                     |  Added Cells  |  Removed Cells  |  Optimized Cells/Nets  |  Dont Touch  |  Iterations  |  Elapsed   |
-----------------------------------------------------------------------------------------------------------------------------------------------------------
|  LUT Combining                                    |            0  |             23  |                    23  |           0  |           1  |  00:00:00  |
|  Retime                                           |            0  |              0  |                     0  |           0  |           1  |  00:00:00  |
|  Very High Fanout                                 |            0  |              0  |                     0  |           0  |           1  |  00:00:00  |
|  DSP Register                                     |            0  |              0  |                     0  |           0  |           0  |  00:00:00  |
|  Shift Register to Pipeline                       |            0  |              0  |                     0  |           0  |           0  |  00:00:00  |
|  Shift Register                                   |            0  |              0  |                     0  |           0  |           0  |  00:00:00  |
|  BRAM Register                                    |            0  |              0  |                     0  |           0  |           0  |  00:00:00  |
|  URAM Register                                    |            0  |              0  |                     0  |           0  |           0  |  00:00:00  |
|  Dynamic/Static Region Interface Net Replication  |            0  |              0  |                     0  |           0  |           1  |  00:00:00  |
|  Total                                            |            0  |             23  |                    23  |           0  |           4  |  00:00:00  |
-----------------------------------------------------------------------------------------------------------------------------------------------------------


Phase 2.5.2 Physical Synthesis In Placer | Checksum: 154adffc8

Time (s): cpu = 00:00:08 ; elapsed = 00:00:03 . Memory (MB): peak = 3051.289 ; gain = 0.000 ; free physical = 4509 ; free virtual = 42065
Phase 2.5 Global Place Phase2 | Checksum: 186f0cd83

Time (s): cpu = 00:00:08 ; elapsed = 00:00:03 . Memory (MB): peak = 3051.289 ; gain = 0.000 ; free physical = 4509 ; free virtual = 42064
Phase 2 Global Placement | Checksum: 186f0cd83

Time (s): cpu = 00:00:08 ; elapsed = 00:00:03 . Memory (MB): peak = 3051.289 ; gain = 0.000 ; free physical = 4509 ; free virtual = 42064

Phase 3 Detail Placement

Phase 3.1 Commit Multi Column Macros
Phase 3.1 Commit Multi Column Macros | Checksum: 1f6da6c5d

Time (s): cpu = 00:00:09 ; elapsed = 00:00:03 . Memory (MB): peak = 3051.289 ; gain = 0.000 ; free physical = 4508 ; free virtual = 42064

Phase 3.2 Commit Most Macros & LUTRAMs
Phase 3.2 Commit Most Macros & LUTRAMs | Checksum: 236eadec4

Time (s): cpu = 00:00:09 ; elapsed = 00:00:03 . Memory (MB): peak = 3051.289 ; gain = 0.000 ; free physical = 4508 ; free virtual = 42063

Phase 3.3 Area Swap Optimization
Phase 3.3 Area Swap Optimization | Checksum: 257e788cc

Time (s): cpu = 00:00:09 ; elapsed = 00:00:03 . Memory (MB): peak = 3051.289 ; gain = 0.000 ; free physical = 4508 ; free virtual = 42063

Phase 3.4 Pipeline Register Optimization
Phase 3.4 Pipeline Register Optimization | Checksum: 2a8f58972

Time (s): cpu = 00:00:09 ; elapsed = 00:00:03 . Memory (MB): peak = 3051.289 ; gain = 0.000 ; free physical = 4508 ; free virtual = 42064

Phase 3.5 Small Shape Detail Placement
Phase 3.5 Small Shape Detail Placement | Checksum: 16f85164a

Time (s): cpu = 00:00:10 ; elapsed = 00:00:04 . Memory (MB): peak = 3051.289 ; gain = 0.000 ; free physical = 4512 ; free virtual = 42067

Phase 3.6 Re-assign LUT pins
Phase 3.6 Re-assign LUT pins | Checksum: 2247563df

Time (s): cpu = 00:00:10 ; elapsed = 00:00:04 . Memory (MB): peak = 3051.289 ; gain = 0.000 ; free physical = 4512 ; free virtual = 42067

Phase 3.7 Pipeline Register Optimization
Phase 3.7 Pipeline Register Optimization | Checksum: 112cdd16b

Time (s): cpu = 00:00:10 ; elapsed = 00:00:04 . Memory (MB): peak = 3051.289 ; gain = 0.000 ; free physical = 4512 ; free virtual = 42067
Phase 3 Detail Placement | Checksum: 112cdd16b

Time (s): cpu = 00:00:10 ; elapsed = 00:00:04 . Memory (MB): peak = 3051.289 ; gain = 0.000 ; free physical = 4512 ; free virtual = 42067

Phase 4 Post Placement Optimization and Clean-Up

Phase 4.1 Post Commit Optimization
INFO: [Timing 38-35] Done setting XDC timing constraints.

Phase 4.1.1 Post Placement Optimization
Post Placement Optimization Initialization | Checksum: 11846844c

Phase 4.1.1.1 BUFG Insertion

Starting Physical Synthesis Task

Phase 1 Physical Synthesis Initialization
INFO: [Physopt 32-721] Multithreading enabled for phys_opt_design using a maximum of 8 CPUs
INFO: [Physopt 32-619] Estimated Timing Summary | WNS=0.309 | TNS=0.000 |
Phase 1 Physical Synthesis Initialization | Checksum: 1df88bbb3

Time (s): cpu = 00:00:00.12 ; elapsed = 00:00:00.03 . Memory (MB): peak = 3051.289 ; gain = 0.000 ; free physical = 4508 ; free virtual = 42063
INFO: [Place 46-56] BUFG insertion identified 0 candidate nets. Inserted BUFG: 0, Replicated BUFG Driver: 0, Skipped due to Placement/Routing Conflicts: 0, Skipped due to Timing Degradation: 0, Skipped due to netlist editing failed: 0.
Ending Physical Synthesis Task | Checksum: 125582234

Time (s): cpu = 00:00:00.15 ; elapsed = 00:00:00.04 . Memory (MB): peak = 3051.289 ; gain = 0.000 ; free physical = 4508 ; free virtual = 42063
Phase 4.1.1.1 BUFG Insertion | Checksum: 11846844c

Time (s): cpu = 00:00:11 ; elapsed = 00:00:04 . Memory (MB): peak = 3051.289 ; gain = 0.000 ; free physical = 4508 ; free virtual = 42063

Phase 4.1.1.2 Post Placement Timing Optimization
INFO: [Place 30-746] Post Placement Timing Summary WNS=0.475. For the most accurate timing information please run report_timing.
Phase 4.1.1.2 Post Placement Timing Optimization | Checksum: 1be4dd43c

Time (s): cpu = 00:00:16 ; elapsed = 00:00:08 . Memory (MB): peak = 3051.289 ; gain = 0.000 ; free physical = 4515 ; free virtual = 42071

Time (s): cpu = 00:00:16 ; elapsed = 00:00:08 . Memory (MB): peak = 3051.289 ; gain = 0.000 ; free physical = 4515 ; free virtual = 42071
Phase 4.1 Post Commit Optimization | Checksum: 1be4dd43c

Time (s): cpu = 00:00:16 ; elapsed = 00:00:08 . Memory (MB): peak = 3051.289 ; gain = 0.000 ; free physical = 4515 ; free virtual = 42071

Phase 4.2 Post Placement Cleanup
Phase 4.2 Post Placement Cleanup | Checksum: 1be4dd43c

Time (s): cpu = 00:00:16 ; elapsed = 00:00:08 . Memory (MB): peak = 3051.289 ; gain = 0.000 ; free physical = 4515 ; free virtual = 42071

Phase 4.3 Placer Reporting

Phase 4.3.1 Print Estimated Congestion
INFO: [Place 30-612] Post-Placement Estimated Congestion 
 ____________________________________________________
|           | Global Congestion | Short Congestion  |
| Direction | Region Size       | Region Size       |
|___________|___________________|___________________|
|      North|                1x1|                1x1|
|___________|___________________|___________________|
|      South|                1x1|                1x1|
|___________|___________________|___________________|
|       East|                1x1|                1x1|
|___________|___________________|___________________|
|       West|                1x1|                1x1|
|___________|___________________|___________________|

Phase 4.3.1 Print Estimated Congestion | Checksum: 1be4dd43c

Time (s): cpu = 00:00:16 ; elapsed = 00:00:08 . Memory (MB): peak = 3051.289 ; gain = 0.000 ; free physical = 4515 ; free virtual = 42071
Phase 4.3 Placer Reporting | Checksum: 1be4dd43c

Time (s): cpu = 00:00:16 ; elapsed = 00:00:08 . Memory (MB): peak = 3051.289 ; gain = 0.000 ; free physical = 4515 ; free virtual = 42071

Phase 4.4 Final Placement Cleanup
Netlist sorting complete. Time (s): cpu = 00:00:00 ; elapsed = 00:00:00 . Memory (MB): peak = 3051.289 ; gain = 0.000 ; free physical = 4515 ; free virtual = 42071

Time (s): cpu = 00:00:16 ; elapsed = 00:00:08 . Memory (MB): peak = 3051.289 ; gain = 0.000 ; free physical = 4515 ; free virtual = 42071
Phase 4 Post Placement Optimization and Clean-Up | Checksum: 221e8eec4

Time (s): cpu = 00:00:16 ; elapsed = 00:00:08 . Memory (MB): peak = 3051.289 ; gain = 0.000 ; free physical = 4512 ; free virtual = 42067
Ending Placer Task | Checksum: 15cb05f61

Time (s): cpu = 00:00:16 ; elapsed = 00:00:08 . Memory (MB): peak = 3051.289 ; gain = 0.000 ; free physical = 4511 ; free virtual = 42067
71 Infos, 1 Warnings, 0 Critical Warnings and 0 Errors encountered.
place_design completed successfully
place_design: Time (s): cpu = 00:00:19 ; elapsed = 00:00:08 . Memory (MB): peak = 3051.289 ; gain = 0.000 ; free physical = 4511 ; free virtual = 42067
INFO: [Vivado 12-24838] Running report commands "report_control_sets, report_io, report_utilization" in parallel.
Running report generation with 3 threads.
INFO: [Vivado 12-24828] Executing command : report_control_sets -verbose -file neuron_array_controller_control_sets_placed.rpt
report_control_sets: Time (s): cpu = 00:00:00.1 ; elapsed = 00:00:00.07 . Memory (MB): peak = 3051.289 ; gain = 0.000 ; free physical = 4507 ; free virtual = 42063
INFO: [Vivado 12-24828] Executing command : report_utilization -file neuron_array_controller_utilization_placed.rpt -pb neuron_array_controller_utilization_placed.pb
INFO: [Vivado 12-24828] Executing command : report_io -file neuron_array_controller_io_placed.rpt
report_io: Time (s): cpu = 00:00:00.18 ; elapsed = 00:00:00.21 . Memory (MB): peak = 3051.289 ; gain = 0.000 ; free physical = 4499 ; free virtual = 42054
INFO: [Timing 38-480] Writing timing data to binary archive.
Write ShapeDB Complete: Time (s): cpu = 00:00:00.02 ; elapsed = 00:00:00.01 . Memory (MB): peak = 3051.289 ; gain = 0.000 ; free physical = 4498 ; free virtual = 42054
Wrote PlaceDB: Time (s): cpu = 00:00:00.3 ; elapsed = 00:00:00.11 . Memory (MB): peak = 3051.289 ; gain = 0.000 ; free physical = 4495 ; free virtual = 42053
Wrote PulsedLatchDB: Time (s): cpu = 00:00:00 ; elapsed = 00:00:00 . Memory (MB): peak = 3051.289 ; gain = 0.000 ; free physical = 4495 ; free virtual = 42053
Writing XDEF routing.
Writing XDEF routing logical nets.
Writing XDEF routing special nets.
Wrote RouteStorage: Time (s): cpu = 00:00:00.02 ; elapsed = 00:00:00.02 . Memory (MB): peak = 3051.289 ; gain = 0.000 ; free physical = 4493 ; free virtual = 42052
Wrote Netlist Cache: Time (s): cpu = 00:00:00 ; elapsed = 00:00:00 . Memory (MB): peak = 3051.289 ; gain = 0.000 ; free physical = 4493 ; free virtual = 42052
Wrote Device Cache: Time (s): cpu = 00:00:00.01 ; elapsed = 00:00:00.01 . Memory (MB): peak = 3051.289 ; gain = 0.000 ; free physical = 4493 ; free virtual = 42052
Write Physdb Complete: Time (s): cpu = 00:00:00.33 ; elapsed = 00:00:00.14 . Memory (MB): peak = 3051.289 ; gain = 0.000 ; free physical = 4493 ; free virtual = 42052
INFO: [Common 17-1381] The checkpoint '/home/darchb/Projects/science-eye-fpga/vivado/science-eye-fpga/science-eye-fpga.runs/impl_1/neuron_array_controller_placed.dcp' has been generated.
Command: phys_opt_design
Attempting to get a license for feature 'Implementation' and/or device 'xc7z020'
INFO: [Common 17-349] Got license for feature 'Implementation' and/or device 'xc7z020'

Starting Initial Update Timing Task

Time (s): cpu = 00:00:00.71 ; elapsed = 00:00:00.22 . Memory (MB): peak = 3051.289 ; gain = 0.000 ; free physical = 4515 ; free virtual = 42071
INFO: [Vivado_Tcl 4-2279] Estimated Timing Summary | WNS= 0.475 | TNS= 0.000 | 
INFO: [Vivado_Tcl 4-383] Design worst setup slack (WNS) is greater than or equal to 0.000 ns. All physical synthesis setup optimizations will be skipped.
INFO: [Vivado_Tcl 4-232] No setup violation found. The netlist was not modified.
INFO: [Common 17-83] Releasing license: Implementation
82 Infos, 1 Warnings, 0 Critical Warnings and 0 Errors encountered.
phys_opt_design completed successfully
INFO: [Timing 38-480] Writing timing data to binary archive.
Write ShapeDB Complete: Time (s): cpu = 00:00:00.06 ; elapsed = 00:00:00.01 . Memory (MB): peak = 3051.289 ; gain = 0.000 ; free physical = 4515 ; free virtual = 42071
Wrote PlaceDB: Time (s): cpu = 00:00:00.32 ; elapsed = 00:00:00.11 . Memory (MB): peak = 3051.289 ; gain = 0.000 ; free physical = 4514 ; free virtual = 42073
Wrote PulsedLatchDB: Time (s): cpu = 00:00:00 ; elapsed = 00:00:00 . Memory (MB): peak = 3051.289 ; gain = 0.000 ; free physical = 4514 ; free virtual = 42073
Writing XDEF routing.
Writing XDEF routing logical nets.
Writing XDEF routing special nets.
Wrote RouteStorage: Time (s): cpu = 00:00:00.01 ; elapsed = 00:00:00.02 . Memory (MB): peak = 3051.289 ; gain = 0.000 ; free physical = 4514 ; free virtual = 42074
Wrote Netlist Cache: Time (s): cpu = 00:00:00 ; elapsed = 00:00:00 . Memory (MB): peak = 3051.289 ; gain = 0.000 ; free physical = 4514 ; free virtual = 42074
Wrote Device Cache: Time (s): cpu = 00:00:00.01 ; elapsed = 00:00:00.01 . Memory (MB): peak = 3051.289 ; gain = 0.000 ; free physical = 4514 ; free virtual = 42075
Write Physdb Complete: Time (s): cpu = 00:00:00.34 ; elapsed = 00:00:00.14 . Memory (MB): peak = 3051.289 ; gain = 0.000 ; free physical = 4514 ; free virtual = 42075
INFO: [Common 17-1381] The checkpoint '/home/darchb/Projects/science-eye-fpga/vivado/science-eye-fpga/science-eye-fpga.runs/impl_1/neuron_array_controller_physopt.dcp' has been generated.
Command: route_design
Attempting to get a license for feature 'Implementation' and/or device 'xc7z020'
INFO: [Common 17-349] Got license for feature 'Implementation' and/or device 'xc7z020'


Starting Routing Task
INFO: [Route 35-254] Multithreading enabled for route_design using a maximum of 8 CPUs

Phase 1 Build RT Design
Checksum: PlaceDB: cfef4f0a ConstDB: 0 ShapeSum: 76c79d67 RouteDB: 15f972f0
Post Restoration Checksum: NetGraph: 5614fb4a | NumContArr: 33011fbc | Constraints: c2a8fa9d | Timing: c2a8fa9d
Phase 1 Build RT Design | Checksum: 20e681040

Time (s): cpu = 00:00:21 ; elapsed = 00:00:17 . Memory (MB): peak = 3051.289 ; gain = 0.000 ; free physical = 4510 ; free virtual = 42067

Phase 2 Router Initialization

Phase 2.1 Fix Topology Constraints
Phase 2.1 Fix Topology Constraints | Checksum: 20e681040

Time (s): cpu = 00:00:21 ; elapsed = 00:00:17 . Memory (MB): peak = 3051.289 ; gain = 0.000 ; free physical = 4511 ; free virtual = 42069

Phase 2.2 Pre Route Cleanup
Phase 2.2 Pre Route Cleanup | Checksum: 20e681040

Time (s): cpu = 00:00:21 ; elapsed = 00:00:17 . Memory (MB): peak = 3051.289 ; gain = 0.000 ; free physical = 4511 ; free virtual = 42069
 Number of Nodes with overlaps = 0

Phase 2.3 Update Timing
Phase 2.3 Update Timing | Checksum: 241910fee

Time (s): cpu = 00:00:22 ; elapsed = 00:00:18 . Memory (MB): peak = 3051.289 ; gain = 0.000 ; free physical = 4491 ; free virtual = 42048
INFO: [Route 35-416] Intermediate Timing Summary | WNS=0.436  | TNS=0.000  | WHS=-0.181 | THS=-16.069|


Phase 2.4 Soft Constraint Pins - Fast Budgeting
Phase 2.4 Soft Constraint Pins - Fast Budgeting | Checksum: 1d34d3a76

Time (s): cpu = 00:00:23 ; elapsed = 00:00:18 . Memory (MB): peak = 3051.289 ; gain = 0.000 ; free physical = 4489 ; free virtual = 42047

Router Utilization Summary
  Global Vertical Routing Utilization    = 0 %
  Global Horizontal Routing Utilization  = 0 %
  Routable Net Status*
  *Does not include unroutable nets such as driverless and loadless.
  Run report_route_status for detailed report.
  Number of Failed Nets               = 2183
    (Failed Nets is the sum of unrouted and partially routed nets)
  Number of Unrouted Nets             = 2183
  Number of Partially Routed Nets     = 0
  Number of Node Overlaps             = 0

Phase 2 Router Initialization | Checksum: 18c0db199

Time (s): cpu = 00:00:23 ; elapsed = 00:00:18 . Memory (MB): peak = 3051.289 ; gain = 0.000 ; free physical = 4481 ; free virtual = 42038

Phase 3 Global Routing
Phase 3 Global Routing | Checksum: 18c0db199

Time (s): cpu = 00:00:23 ; elapsed = 00:00:18 . Memory (MB): peak = 3051.289 ; gain = 0.000 ; free physical = 4481 ; free virtual = 42038

Phase 4 Initial Routing

Phase 4.1 Initial Net Routing Pass
Phase 4.1 Initial Net Routing Pass | Checksum: 239080b14

Time (s): cpu = 00:00:25 ; elapsed = 00:00:19 . Memory (MB): peak = 3051.289 ; gain = 0.000 ; free physical = 4483 ; free virtual = 42040
Phase 4 Initial Routing | Checksum: 239080b14

Time (s): cpu = 00:00:25 ; elapsed = 00:00:19 . Memory (MB): peak = 3051.289 ; gain = 0.000 ; free physical = 4483 ; free virtual = 42040

Phase 5 Rip-up And Reroute

Phase 5.1 Global Iteration 0
 Number of Nodes with overlaps = 175
 Number of Nodes with overlaps = 51
 Number of Nodes with overlaps = 34
 Number of Nodes with overlaps = 22
 Number of Nodes with overlaps = 10
 Number of Nodes with overlaps = 4
 Number of Nodes with overlaps = 2
 Number of Nodes with overlaps = 3
 Number of Nodes with overlaps = 0
INFO: [Route 35-416] Intermediate Timing Summary | WNS=0.333  | TNS=0.000  | WHS=N/A    | THS=N/A    |

Phase 5.1 Global Iteration 0 | Checksum: 2bf7314d2

Time (s): cpu = 00:00:31 ; elapsed = 00:00:22 . Memory (MB): peak = 3051.289 ; gain = 0.000 ; free physical = 4452 ; free virtual = 42009
Phase 5 Rip-up And Reroute | Checksum: 2bf7314d2

Time (s): cpu = 00:00:31 ; elapsed = 00:00:22 . Memory (MB): peak = 3051.289 ; gain = 0.000 ; free physical = 4452 ; free virtual = 42009

Phase 6 Delay and Skew Optimization

Phase 6.1 Delay CleanUp

Phase 6.1.1 Update Timing
Phase 6.1.1 Update Timing | Checksum: 342b8e830

Time (s): cpu = 00:00:31 ; elapsed = 00:00:22 . Memory (MB): peak = 3051.289 ; gain = 0.000 ; free physical = 4452 ; free virtual = 42009
INFO: [Route 35-416] Intermediate Timing Summary | WNS=0.448  | TNS=0.000  | WHS=N/A    | THS=N/A    |

Phase 6.1 Delay CleanUp | Checksum: 342b8e830

Time (s): cpu = 00:00:31 ; elapsed = 00:00:22 . Memory (MB): peak = 3051.289 ; gain = 0.000 ; free physical = 4452 ; free virtual = 42009

Phase 6.2 Clock Skew Optimization
Phase 6.2 Clock Skew Optimization | Checksum: 342b8e830

Time (s): cpu = 00:00:31 ; elapsed = 00:00:22 . Memory (MB): peak = 3051.289 ; gain = 0.000 ; free physical = 4452 ; free virtual = 42009
Phase 6 Delay and Skew Optimization | Checksum: 342b8e830

Time (s): cpu = 00:00:31 ; elapsed = 00:00:22 . Memory (MB): peak = 3051.289 ; gain = 0.000 ; free physical = 4452 ; free virtual = 42009

Phase 7 Post Hold Fix

Phase 7.1 Hold Fix Iter
INFO: [Route 35-416] Intermediate Timing Summary | WNS=0.448  | TNS=0.000  | WHS=0.090  | THS=0.000  |

Phase 7.1 Hold Fix Iter | Checksum: 38f66b875

Time (s): cpu = 00:00:32 ; elapsed = 00:00:22 . Memory (MB): peak = 3051.289 ; gain = 0.000 ; free physical = 4452 ; free virtual = 42009
Phase 7 Post Hold Fix | Checksum: 38f66b875

Time (s): cpu = 00:00:32 ; elapsed = 00:00:22 . Memory (MB): peak = 3051.289 ; gain = 0.000 ; free physical = 4452 ; free virtual = 42009

Phase 8 Route finalize

Router Utilization Summary
  Global Vertical Routing Utilization    = 0.69504 %
  Global Horizontal Routing Utilization  = 0.737153 %
  Routable Net Status*
  *Does not include unroutable nets such as driverless and loadless.
  Run report_route_status for detailed report.
  Number of Failed Nets               = 0
    (Failed Nets is the sum of unrouted and partially routed nets)
  Number of Unrouted Nets             = 0
  Number of Partially Routed Nets     = 0
  Number of Node Overlaps             = 0

Phase 8 Route finalize | Checksum: 38f66b875

Time (s): cpu = 00:00:32 ; elapsed = 00:00:22 . Memory (MB): peak = 3051.289 ; gain = 0.000 ; free physical = 4452 ; free virtual = 42009

Phase 9 Verifying routed nets

 Verification completed successfully
Phase 9 Verifying routed nets | Checksum: 38f66b875

Time (s): cpu = 00:00:32 ; elapsed = 00:00:23 . Memory (MB): peak = 3051.289 ; gain = 0.000 ; free physical = 4451 ; free virtual = 42009

Phase 10 Depositing Routes
Phase 10 Depositing Routes | Checksum: 37597c76b

Time (s): cpu = 00:00:32 ; elapsed = 00:00:23 . Memory (MB): peak = 3051.289 ; gain = 0.000 ; free physical = 4451 ; free virtual = 42009

Phase 11 Post Process Routing
Phase 11 Post Process Routing | Checksum: 37597c76b

Time (s): cpu = 00:00:32 ; elapsed = 00:00:23 . Memory (MB): peak = 3051.289 ; gain = 0.000 ; free physical = 4451 ; free virtual = 42009

Phase 12 Post Router Timing
INFO: [Route 35-57] Estimated Timing Summary | WNS=0.448  | TNS=0.000  | WHS=0.090  | THS=0.000  |

INFO: [Route 35-327] The final timing numbers are based on the router estimated timing analysis. For a complete and accurate timing signoff, please run report_timing_summary.
Phase 12 Post Router Timing | Checksum: 37597c76b

Time (s): cpu = 00:00:32 ; elapsed = 00:00:23 . Memory (MB): peak = 3051.289 ; gain = 0.000 ; free physical = 4451 ; free virtual = 42009
Total Elapsed time in route_design: 22.63 secs

Phase 13 Post-Route Event Processing
Phase 13 Post-Route Event Processing | Checksum: e1dd6f2c

Time (s): cpu = 00:00:32 ; elapsed = 00:00:23 . Memory (MB): peak = 3051.289 ; gain = 0.000 ; free physical = 4451 ; free virtual = 42009
INFO: [Route 35-16] Router Completed Successfully
Ending Routing Task | Checksum: e1dd6f2c

Time (s): cpu = 00:00:32 ; elapsed = 00:00:23 . Memory (MB): peak = 3051.289 ; gain = 0.000 ; free physical = 4451 ; free virtual = 42009

Routing Is Done.
INFO: [Common 17-83] Releasing license: Implementation
94 Infos, 1 Warnings, 0 Critical Warnings and 0 Errors encountered.
route_design completed successfully
route_design: Time (s): cpu = 00:00:32 ; elapsed = 00:00:23 . Memory (MB): peak = 3051.289 ; gain = 0.000 ; free physical = 4451 ; free virtual = 42009
INFO: [Vivado 12-24828] Executing command : report_drc -file neuron_array_controller_drc_routed.rpt -pb neuron_array_controller_drc_routed.pb -rpx neuron_array_controller_drc_routed.rpx
Command: report_drc -file neuron_array_controller_drc_routed.rpt -pb neuron_array_controller_drc_routed.pb -rpx neuron_array_controller_drc_routed.rpx
INFO: [IP_Flow 19-1839] IP Catalog is up to date.
INFO: [DRC 23-27] Running DRC with 8 threads
INFO: [Vivado_Tcl 2-168] The results of DRC are in file /home/darchb/Projects/science-eye-fpga/vivado/science-eye-fpga/science-eye-fpga.runs/impl_1/neuron_array_controller_drc_routed.rpt.
report_drc completed successfully
INFO: [Vivado 12-24828] Executing command : report_methodology -file neuron_array_controller_methodology_drc_routed.rpt -pb neuron_array_controller_methodology_drc_routed.pb -rpx neuron_array_controller_methodology_drc_routed.rpx
Command: report_methodology -file neuron_array_controller_methodology_drc_routed.rpt -pb neuron_array_controller_methodology_drc_routed.pb -rpx neuron_array_controller_methodology_drc_routed.rpx
INFO: [Timing 38-35] Done setting XDC timing constraints.
INFO: [DRC 23-133] Running Methodology with 8 threads
INFO: [Vivado_Tcl 2-1520] The results of Report Methodology are in file /home/darchb/Projects/science-eye-fpga/vivado/science-eye-fpga/science-eye-fpga.runs/impl_1/neuron_array_controller_methodology_drc_routed.rpt.
report_methodology completed successfully
INFO: [Vivado 12-24828] Executing command : report_timing_summary -max_paths 10 -routable_nets -report_unconstrained -file neuron_array_controller_timing_summary_routed.rpt -pb neuron_array_controller_timing_summary_routed.pb -rpx neuron_array_controller_timing_summary_routed.rpx -warn_on_violation 
INFO: [Timing 38-35] Done setting XDC timing constraints.
INFO: [Timing 38-91] UpdateTimingParams: Speed grade: -1, Delay Type: min_max.
INFO: [Timing 38-191] Multithreading enabled for timing update using a maximum of 8 CPUs
INFO: [Vivado 12-24838] Running report commands "report_bus_skew, report_incremental_reuse, report_route_status" in parallel.
Running report generation with 3 threads.
INFO: [Vivado 12-24828] Executing command : report_incremental_reuse -file neuron_array_controller_incremental_reuse_routed.rpt
INFO: [Vivado_Tcl 4-1062] Incremental flow is disabled. No incremental reuse Info to report.
INFO: [Vivado 12-24828] Executing command : report_route_status -file neuron_array_controller_route_status.rpt -pb neuron_array_controller_route_status.pb
INFO: [Vivado 12-24828] Executing command : report_bus_skew -warn_on_violation -file neuron_array_controller_bus_skew_routed.rpt -pb neuron_array_controller_bus_skew_routed.pb -rpx neuron_array_controller_bus_skew_routed.rpx
INFO: [Timing 38-91] UpdateTimingParams: Speed grade: -1, Delay Type: min_max.
INFO: [Timing 38-191] Multithreading enabled for timing update using a maximum of 8 CPUs
INFO: [Vivado 12-24828] Executing command : report_power -file neuron_array_controller_power_routed.rpt -pb neuron_array_controller_power_summary_routed.pb -rpx neuron_array_controller_power_routed.rpx
Command: report_power -file neuron_array_controller_power_routed.rpt -pb neuron_array_controller_power_summary_routed.pb -rpx neuron_array_controller_power_routed.rpx
Running Vector-less Activity Propagation...

Finished Running Vector-less Activity Propagation
114 Infos, 1 Warnings, 0 Critical Warnings and 0 Errors encountered.
report_power completed successfully
INFO: [Vivado 12-24828] Executing command : report_clock_utilization -file neuron_array_controller_clock_utilization_routed.rpt
generate_parallel_reports: Time (s): cpu = 00:00:19 ; elapsed = 00:00:05 . Memory (MB): peak = 3170.645 ; gain = 119.355 ; free physical = 4360 ; free virtual = 41919
INFO: [Timing 38-480] Writing timing data to binary archive.
Write ShapeDB Complete: Time (s): cpu = 00:00:00.03 ; elapsed = 00:00:00 . Memory (MB): peak = 3170.645 ; gain = 0.000 ; free physical = 4360 ; free virtual = 41919
Wrote PlaceDB: Time (s): cpu = 00:00:00.32 ; elapsed = 00:00:00.11 . Memory (MB): peak = 3170.645 ; gain = 0.000 ; free physical = 4355 ; free virtual = 41917
Wrote PulsedLatchDB: Time (s): cpu = 00:00:00 ; elapsed = 00:00:00 . Memory (MB): peak = 3170.645 ; gain = 0.000 ; free physical = 4355 ; free virtual = 41917
Writing XDEF routing.
Writing XDEF routing logical nets.
Writing XDEF routing special nets.
Wrote RouteStorage: Time (s): cpu = 00:00:00.04 ; elapsed = 00:00:00.04 . Memory (MB): peak = 3170.645 ; gain = 0.000 ; free physical = 4353 ; free virtual = 41916
Wrote Netlist Cache: Time (s): cpu = 00:00:00.01 ; elapsed = 00:00:00 . Memory (MB): peak = 3170.645 ; gain = 0.000 ; free physical = 4353 ; free virtual = 41916
Wrote Device Cache: Time (s): cpu = 00:00:00 ; elapsed = 00:00:00.01 . Memory (MB): peak = 3170.645 ; gain = 0.000 ; free physical = 4353 ; free virtual = 41917
Write Physdb Complete: Time (s): cpu = 00:00:00.38 ; elapsed = 00:00:00.16 . Memory (MB): peak = 3170.645 ; gain = 0.000 ; free physical = 4353 ; free virtual = 41917
INFO: [Common 17-1381] The checkpoint '/home/darchb/Projects/science-eye-fpga/vivado/science-eye-fpga/science-eye-fpga.runs/impl_1/neuron_array_controller_routed.dcp' has been generated.
INFO: [Common 17-206] Exiting Vivado at Mon Jun 15 15:52:16 2026...
