
*** Running vivado
    with args -log neuron_array_controller.vds -m64 -product Vivado -mode batch -messageDb vivado.pb -notrace -source neuron_array_controller.tcl


****** Vivado v2025.1 (64-bit)
  **** SW Build 6140274 on Wed May 21 22:58:25 MDT 2025
  **** IP Build 6138677 on Thu May 22 03:10:11 MDT 2025
  **** SharedData Build 6139179 on Tue May 20 17:58:58 MDT 2025
  **** Start of session at: Sun Jun 14 22:10:06 2026
    ** Copyright 1986-2022 Xilinx, Inc. All Rights Reserved.
    ** Copyright 2022-2025 Advanced Micro Devices, Inc. All Rights Reserved.

Sourcing tcl script '/home/darchb/.Xilinx/Vivado/Vivado_init.tcl'
source neuron_array_controller.tcl -notrace
Command: synth_design -top neuron_array_controller -part xc7a35tcpg236-1
Starting synth_design
Attempting to get a license for feature 'Synthesis' and/or device 'xc7a35t'
INFO: [Common 17-349] Got license for feature 'Synthesis' and/or device 'xc7a35t'
INFO: [Device 21-403] Loading part xc7a35tcpg236-1
INFO: [Synth 8-7079] Multithreading enabled for synth_design using a maximum of 7 processes.
INFO: [Synth 8-7078] Launching helper process for spawning children vivado processes
INFO: [Synth 8-7075] Helper process launched with PID 40292
---------------------------------------------------------------------------------
Starting RTL Elaboration : Time (s): cpu = 00:00:05 ; elapsed = 00:00:06 . Memory (MB): peak = 2100.691 ; gain = 441.797 ; free physical = 1194 ; free virtual = 41909
---------------------------------------------------------------------------------
INFO: [Synth 8-6157] synthesizing module 'neuron_array_controller' [/home/darchb/Projects/science-eye-fpga/hdl/neuron_array_controller.sv:3]
INFO: [Synth 8-6157] synthesizing module 'neuron_state_mem' [/home/darchb/Projects/science-eye-fpga/hdl/neuron_state_mem.sv:3]
	Parameter ADDR_WIDTH bound to: 32'sb00000000000000000000000000001110 
	Parameter NUM_NEURONS bound to: 32'sb00000000000000000100000000000000 
INFO: [Synth 8-6155] done synthesizing module 'neuron_state_mem' (0#1) [/home/darchb/Projects/science-eye-fpga/hdl/neuron_state_mem.sv:3]
INFO: [Synth 8-6157] synthesizing module 'izh_neuron_engine' [/home/darchb/Projects/science-eye-fpga/hdl/izh_neuron_engine.sv:3]
INFO: [Synth 8-6155] done synthesizing module 'izh_neuron_engine' (0#1) [/home/darchb/Projects/science-eye-fpga/hdl/izh_neuron_engine.sv:3]
INFO: [Synth 8-6157] synthesizing module 'spike_fifo' [/home/darchb/Projects/science-eye-fpga/hdl/spike_fifo.sv:1]
	Parameter ADDR_WIDTH bound to: 32'sb00000000000000000000000000001110 
	Parameter FIFO_DEPTH bound to: 32'sb00000000000000000100000000000000 
INFO: [Synth 8-6155] done synthesizing module 'spike_fifo' (0#1) [/home/darchb/Projects/science-eye-fpga/hdl/spike_fifo.sv:1]
INFO: [Synth 8-6155] done synthesizing module 'neuron_array_controller' (0#1) [/home/darchb/Projects/science-eye-fpga/hdl/neuron_array_controller.sv:3]
WARNING: [Synth 8-6014] Unused sequential element addr_pipe_reg[4] was removed.  [/home/darchb/Projects/science-eye-fpga/hdl/neuron_array_controller.sv:55]
WARNING: [Synth 8-6014] Unused sequential element start_pipe_reg[1] was removed.  [/home/darchb/Projects/science-eye-fpga/hdl/neuron_array_controller.sv:56]
WARNING: [Synth 8-6014] Unused sequential element start_pipe_reg[2] was removed.  [/home/darchb/Projects/science-eye-fpga/hdl/neuron_array_controller.sv:56]
WARNING: [Synth 8-6014] Unused sequential element start_pipe_reg[3] was removed.  [/home/darchb/Projects/science-eye-fpga/hdl/neuron_array_controller.sv:56]
WARNING: [Synth 8-6014] Unused sequential element start_pipe_reg[4] was removed.  [/home/darchb/Projects/science-eye-fpga/hdl/neuron_array_controller.sv:56]
WARNING: [Synth 8-3917] design neuron_array_controller has port spike_data[15] driven by constant 0
WARNING: [Synth 8-3917] design neuron_array_controller has port spike_data[14] driven by constant 0
---------------------------------------------------------------------------------
Finished RTL Elaboration : Time (s): cpu = 00:00:08 ; elapsed = 00:00:08 . Memory (MB): peak = 2213.160 ; gain = 554.266 ; free physical = 1103 ; free virtual = 41821
---------------------------------------------------------------------------------
---------------------------------------------------------------------------------
Start Handling Custom Attributes
---------------------------------------------------------------------------------
---------------------------------------------------------------------------------
Finished Handling Custom Attributes : Time (s): cpu = 00:00:08 ; elapsed = 00:00:08 . Memory (MB): peak = 2233.035 ; gain = 574.141 ; free physical = 1087 ; free virtual = 41804
---------------------------------------------------------------------------------
---------------------------------------------------------------------------------
Finished RTL Optimization Phase 1 : Time (s): cpu = 00:00:08 ; elapsed = 00:00:08 . Memory (MB): peak = 2233.035 ; gain = 574.141 ; free physical = 1087 ; free virtual = 41804
---------------------------------------------------------------------------------
Netlist sorting complete. Time (s): cpu = 00:00:00.01 ; elapsed = 00:00:00.01 . Memory (MB): peak = 2233.035 ; gain = 0.000 ; free physical = 1086 ; free virtual = 41804
INFO: [Project 1-570] Preparing netlist for logic optimization

Processing XDC Constraints
Initializing timing engine
Parsing XDC File [/home/darchb/Projects/science-eye-fpga/vivado/constraints.xdc]
Finished Parsing XDC File [/home/darchb/Projects/science-eye-fpga/vivado/constraints.xdc]
Completed Processing XDC Constraints

Netlist sorting complete. Time (s): cpu = 00:00:00 ; elapsed = 00:00:00 . Memory (MB): peak = 2357.500 ; gain = 0.000 ; free physical = 1056 ; free virtual = 41788
INFO: [Project 1-111] Unisim Transformation Summary:
No Unisim elements were transformed.

Constraint Validation Runtime : Time (s): cpu = 00:00:00.02 ; elapsed = 00:00:00.01 . Memory (MB): peak = 2357.535 ; gain = 0.000 ; free physical = 1051 ; free virtual = 41784
---------------------------------------------------------------------------------
Finished Constraint Validation : Time (s): cpu = 00:00:15 ; elapsed = 00:00:15 . Memory (MB): peak = 2357.535 ; gain = 698.641 ; free physical = 1083 ; free virtual = 41817
---------------------------------------------------------------------------------
---------------------------------------------------------------------------------
Start Loading Part and Timing Information
---------------------------------------------------------------------------------
Loading part: xc7a35tcpg236-1
---------------------------------------------------------------------------------
Finished Loading Part and Timing Information : Time (s): cpu = 00:00:15 ; elapsed = 00:00:15 . Memory (MB): peak = 2365.504 ; gain = 706.609 ; free physical = 1083 ; free virtual = 41817
---------------------------------------------------------------------------------
---------------------------------------------------------------------------------
Start Applying 'set_property' XDC Constraints
---------------------------------------------------------------------------------
---------------------------------------------------------------------------------
Finished applying 'set_property' XDC Constraints : Time (s): cpu = 00:00:15 ; elapsed = 00:00:15 . Memory (MB): peak = 2365.504 ; gain = 706.609 ; free physical = 1083 ; free virtual = 41817
---------------------------------------------------------------------------------
INFO: [Synth 8-802] inferred FSM for state register 'state_reg' in module 'neuron_array_controller'
INFO: [Synth 8-3971] The signal "neuron_state_mem:/v_mem_reg" was recognized as a true dual port RAM template.
INFO: [Synth 8-3971] The signal "neuron_state_mem:/u_mem_reg" was recognized as a true dual port RAM template.
---------------------------------------------------------------------------------------------------
                   State |                     New Encoding |                Previous Encoding 
---------------------------------------------------------------------------------------------------
                    IDLE |                                0 |                               00
                SCANNING |                                1 |                               01
---------------------------------------------------------------------------------------------------
INFO: [Synth 8-3354] encoded FSM with state register 'state_reg' using encoding 'sequential' in module 'neuron_array_controller'
---------------------------------------------------------------------------------
Finished RTL Optimization Phase 2 : Time (s): cpu = 00:00:15 ; elapsed = 00:00:15 . Memory (MB): peak = 2365.504 ; gain = 706.609 ; free physical = 1078 ; free virtual = 41814
---------------------------------------------------------------------------------
---------------------------------------------------------------------------------
Start RTL Component Statistics 
---------------------------------------------------------------------------------
Detailed RTL Component Info : 
+---Adders : 
	   2 Input   48 Bit       Adders := 1     
	   5 Input   32 Bit       Adders := 1     
	   2 Input   32 Bit       Adders := 3     
	   3 Input   32 Bit       Adders := 1     
	   2 Input   14 Bit       Adders := 3     
+---Registers : 
	               32 Bit    Registers := 9     
	               18 Bit    Registers := 6     
	               14 Bit    Registers := 9     
	                1 Bit    Registers := 11    
+---Multipliers : 
	              20x32  Multipliers := 1     
	              14x32  Multipliers := 2     
	              13x32  Multipliers := 1     
	              12x32  Multipliers := 1     
	              15x26  Multipliers := 1     
+---RAMs : 
	             288K Bit	(16384 X 18 bit)          RAMs := 2     
	             224K Bit	(16384 X 14 bit)          RAMs := 1     
+---Muxes : 
	   2 Input   18 Bit        Muxes := 2     
	   2 Input   14 Bit        Muxes := 3     
	   2 Input    1 Bit        Muxes := 10    
---------------------------------------------------------------------------------
Finished RTL Component Statistics 
---------------------------------------------------------------------------------
---------------------------------------------------------------------------------
Start Part Resource Summary
---------------------------------------------------------------------------------
Part Resources:
DSPs: 90 (col length:60)
BRAMs: 100 (col length: RAMB18 60 RAMB36 30)
---------------------------------------------------------------------------------
Finished Part Resource Summary
---------------------------------------------------------------------------------
---------------------------------------------------------------------------------
Start Cross Boundary and Area Optimization
---------------------------------------------------------------------------------
WARNING: [Synth 8-7080] Parallel synthesis criteria is not met
DSP Report: Generating DSP fp_mul2_return0, operation Mode is: (A:0x50000)*B.
DSP Report: operator fp_mul2_return0 is absorbed into DSP fp_mul2_return0.
DSP Report: operator fp_mul2_return0 is absorbed into DSP fp_mul2_return0.
DSP Report: Generating DSP fp_mul2_return0, operation Mode is: (PCIN>>17)+(A:0x50000)*B.
DSP Report: operator fp_mul2_return0 is absorbed into DSP fp_mul2_return0.
DSP Report: operator fp_mul2_return0 is absorbed into DSP fp_mul2_return0.
DSP Report: Generating DSP fp_mul_return0, operation Mode is: A*B.
DSP Report: operator fp_mul_return0 is absorbed into DSP fp_mul_return0.
DSP Report: operator fp_mul_return0 is absorbed into DSP fp_mul_return0.
DSP Report: Generating DSP fp_mul_return0, operation Mode is: A*B.
DSP Report: operator fp_mul_return0 is absorbed into DSP fp_mul_return0.
DSP Report: operator fp_mul_return0 is absorbed into DSP fp_mul_return0.
DSP Report: Generating DSP fp_mul_return0, operation Mode is: (PCIN>>17)+A*B.
DSP Report: operator fp_mul_return0 is absorbed into DSP fp_mul_return0.
DSP Report: operator fp_mul_return0 is absorbed into DSP fp_mul_return0.
DSP Report: Generating DSP fp_mul0_return0, operation Mode is: A*(B:0x3333).
DSP Report: operator fp_mul0_return0 is absorbed into DSP fp_mul0_return0.
WARNING: [Synth 8-3917] design neuron_array_controller has port spike_data[15] driven by constant 0
WARNING: [Synth 8-3917] design neuron_array_controller has port spike_data[14] driven by constant 0
WARNING: [Synth 8-6014] Unused sequential element state_mem_inst/v_mem_reg was removed. 
WARNING: [Synth 8-6014] Unused sequential element state_mem_inst/u_mem_reg was removed. 
---------------------------------------------------------------------------------
Finished Cross Boundary and Area Optimization : Time (s): cpu = 00:00:19 ; elapsed = 00:00:19 . Memory (MB): peak = 2365.504 ; gain = 706.609 ; free physical = 1062 ; free virtual = 41807
---------------------------------------------------------------------------------
 Sort Area is  fp_mul_return0_0 : 0 0 : 2701 3877 : Used 1 time 0
 Sort Area is  fp_mul_return0_0 : 0 1 : 1176 3877 : Used 1 time 0
 Sort Area is  fp_mul2_return0_5 : 0 0 : 784 1593 : Used 1 time 0
 Sort Area is  fp_mul2_return0_5 : 0 1 : 809 1593 : Used 1 time 0
 Sort Area is  fp_mul0_return0_8 : 0 0 : 1331 1331 : Used 1 time 0
 Sort Area is  fp_mul_return0_3 : 0 0 : 1223 1223 : Used 1 time 0
---------------------------------------------------------------------------------
Start ROM, RAM, DSP, Shift Register and Retiming Reporting
---------------------------------------------------------------------------------

Block RAM: Preliminary Mapping Report (see note below)
+------------------------+--------------------------+------------------------+---+---+------------------------+---+---+------------------+--------+--------+
|Module Name             | RTL Object               | PORT A (Depth x Width) | W | R | PORT B (Depth x Width) | W | R | Ports driving FF | RAMB18 | RAMB36 | 
+------------------------+--------------------------+------------------------+---+---+------------------------+---+---+------------------+--------+--------+
|neuron_array_controller | state_mem_inst/v_mem_reg | 16 K x 18(READ_FIRST)  | W |   | 16 K x 18(WRITE_FIRST) |   | R | Port A and B     | 0      | 9      | 
|neuron_array_controller | state_mem_inst/u_mem_reg | 16 K x 18(READ_FIRST)  | W |   | 16 K x 18(WRITE_FIRST) |   | R | Port A and B     | 0      | 9      | 
|neuron_array_controller | fifo_inst/mem_reg        | 16 K x 14(READ_FIRST)  | W |   | 16 K x 14(WRITE_FIRST) |   | R | Port A and B     | 0      | 7      | 
+------------------------+--------------------------+------------------------+---+---+------------------------+---+---+------------------+--------+--------+

Note: The table above is a preliminary report that shows the Block RAMs at the current stage of the synthesis flow. Some Block RAMs may be reimplemented as non Block RAM primitives later in the synthesis flow. Multiple instantiated Block RAMs are reported only once. 

DSP: Preliminary Mapping Report (see note below. The ' indicates corresponding REG is set)
+------------------+--------------------------+--------+--------+--------+--------+--------+------+------+------+------+-------+------+------+
|Module Name       | DSP Mapping              | A Size | B Size | C Size | D Size | P Size | AREG | BREG | CREG | DREG | ADREG | MREG | PREG | 
+------------------+--------------------------+--------+--------+--------+--------+--------+------+------+------+------+-------+------+------+
|izh_neuron_engine | (A:0x50000)*B            | 20     | 18     | -      | -      | 48     | 0    | 0    | -    | -    | -     | 0    | 0    | 
|izh_neuron_engine | (PCIN>>17)+(A:0x50000)*B | 20     | 15     | -      | -      | 48     | 0    | 0    | -    | -    | -     | 0    | 0    | 
|izh_neuron_engine | A*B                      | 18     | 9      | -      | -      | 48     | 0    | 0    | -    | -    | -     | 0    | 0    | 
|izh_neuron_engine | A*B                      | 18     | 18     | -      | -      | 48     | 0    | 0    | -    | -    | -     | 0    | 0    | 
|izh_neuron_engine | (PCIN>>17)+A*B           | 18     | 9      | -      | -      | 31     | 0    | 0    | -    | -    | -     | 0    | 0    | 
|izh_neuron_engine | A*(B:0x3333)             | 24     | 15     | -      | -      | 39     | 0    | 0    | -    | -    | -     | 0    | 0    | 
+------------------+--------------------------+--------+--------+--------+--------+--------+------+------+------+------+-------+------+------+

Note: The table above is a preliminary report that shows the DSPs inferred at the current stage of the synthesis flow. Some DSP may be reimplemented as non DSP primitives later in the synthesis flow. Multiple instantiated DSPs are reported only once.
---------------------------------------------------------------------------------
Finished ROM, RAM, DSP, Shift Register and Retiming Reporting
---------------------------------------------------------------------------------
